mode: set
github.com/aasdhajkshd/home_work_basic/hw06_testing/chessboard/main.go:10.34,14.14 3 0
github.com/aasdhajkshd/home_work_basic/hw06_testing/chessboard/main.go:14.14,16.3 1 0
github.com/aasdhajkshd/home_work_basic/hw06_testing/chessboard/main.go:17.2,17.60 1 0
github.com/aasdhajkshd/home_work_basic/hw06_testing/chessboard/main.go:20.37,21.40 1 1
github.com/aasdhajkshd/home_work_basic/hw06_testing/chessboard/main.go:21.40,23.3 1 1
github.com/aasdhajkshd/home_work_basic/hw06_testing/chessboard/main.go:24.2,24.25 1 1
github.com/aasdhajkshd/home_work_basic/hw06_testing/chessboard/main.go:24.25,25.26 1 1
github.com/aasdhajkshd/home_work_basic/hw06_testing/chessboard/main.go:25.26,27.18 2 1
github.com/aasdhajkshd/home_work_basic/hw06_testing/chessboard/main.go:27.18,29.5 1 1
github.com/aasdhajkshd/home_work_basic/hw06_testing/chessboard/main.go:29.10,31.5 1 1
github.com/aasdhajkshd/home_work_basic/hw06_testing/chessboard/main.go:33.3,33.19 1 1
github.com/aasdhajkshd/home_work_basic/hw06_testing/chessboard/main.go:35.2,35.12 1 1
github.com/aasdhajkshd/home_work_basic/hw06_testing/chessboard/main.go:38.24,40.25 2 0
github.com/aasdhajkshd/home_work_basic/hw06_testing/chessboard/main.go:40.25,42.15 2 0
github.com/aasdhajkshd/home_work_basic/hw06_testing/chessboard/main.go:42.15,44.54 2 0
github.com/aasdhajkshd/home_work_basic/hw06_testing/chessboard/main.go:44.54,45.13 1 0
github.com/aasdhajkshd/home_work_basic/hw06_testing/chessboard/main.go:48.3,48.8 1 0
github.com/aasdhajkshd/home_work_basic/hw06_testing/chessboard/main.go:50.2,50.15 1 0
github.com/aasdhajkshd/home_work_basic/hw06_testing/chessboard/main.go:53.19,59.45 5 0
github.com/aasdhajkshd/home_work_basic/hw06_testing/chessboard/main.go:59.45,61.3 1 0
github.com/aasdhajkshd/home_work_basic/hw06_testing/comparator/main.go:32.28,34.2 1 0
github.com/aasdhajkshd/home_work_basic/hw06_testing/comparator/main.go:36.28,38.2 1 1
github.com/aasdhajkshd/home_work_basic/hw06_testing/comparator/main.go:40.28,42.2 1 1
github.com/aasdhajkshd/home_work_basic/hw06_testing/comparator/main.go:44.31,46.2 1 1
github.com/aasdhajkshd/home_work_basic/hw06_testing/comparator/main.go:48.31,50.2 1 0
github.com/aasdhajkshd/home_work_basic/hw06_testing/comparator/main.go:52.32,54.2 1 0
github.com/aasdhajkshd/home_work_basic/hw06_testing/comparator/main.go:56.33,58.2 1 0
github.com/aasdhajkshd/home_work_basic/hw06_testing/comparator/main.go:60.35,62.2 1 0
github.com/aasdhajkshd/home_work_basic/hw06_testing/comparator/main.go:64.35,66.2 1 0
github.com/aasdhajkshd/home_work_basic/hw06_testing/comparator/main.go:68.38,70.2 1 0
github.com/aasdhajkshd/home_work_basic/hw06_testing/comparator/main.go:72.39,74.2 1 0
github.com/aasdhajkshd/home_work_basic/hw06_testing/comparator/main.go:76.41,78.2 1 0
github.com/aasdhajkshd/home_work_basic/hw06_testing/comparator/main.go:80.21,82.2 1 0
github.com/aasdhajkshd/home_work_basic/hw06_testing/comparator/main.go:84.34,90.2 5 1
github.com/aasdhajkshd/home_work_basic/hw06_testing/comparator/main.go:92.38,93.11 1 1
github.com/aasdhajkshd/home_work_basic/hw06_testing/comparator/main.go:94.10,95.27 1 1
github.com/aasdhajkshd/home_work_basic/hw06_testing/comparator/main.go:96.12,97.33 1 1
github.com/aasdhajkshd/home_work_basic/hw06_testing/comparator/main.go:98.12,99.47 1 1
github.com/aasdhajkshd/home_work_basic/hw06_testing/comparator/main.go:100.12,101.26 1 1
github.com/aasdhajkshd/home_work_basic/hw06_testing/comparator/main.go:102.13,103.28 1 0
github.com/aasdhajkshd/home_work_basic/hw06_testing/comparator/main.go:104.14,105.22 1 0
github.com/aasdhajkshd/home_work_basic/hw06_testing/comparator/main.go:106.10,107.43 1 0
github.com/aasdhajkshd/home_work_basic/hw06_testing/comparator/main.go:111.48,115.2 1 1
github.com/aasdhajkshd/home_work_basic/hw06_testing/comparator/main.go:117.57,118.16 1 1
github.com/aasdhajkshd/home_work_basic/hw06_testing/comparator/main.go:119.10,120.37 1 0
github.com/aasdhajkshd/home_work_basic/hw06_testing/comparator/main.go:121.12,122.41 1 1
github.com/aasdhajkshd/home_work_basic/hw06_testing/comparator/main.go:123.12,124.41 1 1
github.com/aasdhajkshd/home_work_basic/hw06_testing/comparator/main.go:125.12,126.41 1 1
github.com/aasdhajkshd/home_work_basic/hw06_testing/comparator/main.go:127.10,128.15 1 0
github.com/aasdhajkshd/home_work_basic/hw06_testing/comparator/main.go:132.37,133.84 1 1
github.com/aasdhajkshd/home_work_basic/hw06_testing/comparator/main.go:133.84,139.15 6 0
github.com/aasdhajkshd/home_work_basic/hw06_testing/comparator/main.go:139.15,142.4 2 0
github.com/aasdhajkshd/home_work_basic/hw06_testing/comparator/main.go:143.8,157.3 13 1
github.com/aasdhajkshd/home_work_basic/hw06_testing/comparator/main.go:158.2,158.12 1 1
github.com/aasdhajkshd/home_work_basic/hw06_testing/comparator/main.go:161.65,162.68 1 1
github.com/aasdhajkshd/home_work_basic/hw06_testing/comparator/main.go:162.68,164.3 1 1
github.com/aasdhajkshd/home_work_basic/hw06_testing/comparator/main.go:165.2,168.53 3 1
github.com/aasdhajkshd/home_work_basic/hw06_testing/comparator/main.go:168.53,170.3 1 1
github.com/aasdhajkshd/home_work_basic/hw06_testing/comparator/main.go:171.2,182.12 9 1
github.com/aasdhajkshd/home_work_basic/hw06_testing/fixapp/main.go:10.41,11.34 1 1
github.com/aasdhajkshd/home_work_basic/hw06_testing/fixapp/main.go:11.34,13.3 1 1
github.com/aasdhajkshd/home_work_basic/hw06_testing/fixapp/main.go:16.21,25.20 6 1
github.com/aasdhajkshd/home_work_basic/hw06_testing/fixapp/main.go:25.20,27.3 1 1
github.com/aasdhajkshd/home_work_basic/hw06_testing/fixapp/main.go:27.8,29.3 1 0
github.com/aasdhajkshd/home_work_basic/hw06_testing/fixapp/main.go:31.2,33.16 2 1
github.com/aasdhajkshd/home_work_basic/hw06_testing/fixapp/main.go:33.16,35.3 1 1
github.com/aasdhajkshd/home_work_basic/hw06_testing/fixapp/main.go:35.8,37.3 1 0
github.com/aasdhajkshd/home_work_basic/hw06_testing/fixapp/main.go:38.2,38.12 1 1
github.com/aasdhajkshd/home_work_basic/hw06_testing/shapes/main.go:17.32,19.2 1 1
github.com/aasdhajkshd/home_work_basic/hw06_testing/shapes/main.go:25.35,27.2 1 1
github.com/aasdhajkshd/home_work_basic/hw06_testing/shapes/main.go:33.34,36.2 2 1
github.com/aasdhajkshd/home_work_basic/hw06_testing/shapes/main.go:38.45,40.2 1 1
github.com/aasdhajkshd/home_work_basic/hw06_testing/shapes/main.go:42.44,43.32 1 1
github.com/aasdhajkshd/home_work_basic/hw06_testing/shapes/main.go:43.32,45.3 1 1
github.com/aasdhajkshd/home_work_basic/hw06_testing/shapes/main.go:46.2,46.110 1 0
github.com/aasdhajkshd/home_work_basic/hw06_testing/shapes/main.go:49.47,51.2 1 1
github.com/aasdhajkshd/home_work_basic/hw06_testing/shapes/main.go:53.59,55.58 2 1
github.com/aasdhajkshd/home_work_basic/hw06_testing/shapes/main.go:55.58,59.3 3 1
github.com/aasdhajkshd/home_work_basic/hw06_testing/shapes/main.go:59.8,61.3 1 0
github.com/aasdhajkshd/home_work_basic/hw06_testing/shapes/main.go:64.69,66.64 2 1
github.com/aasdhajkshd/home_work_basic/hw06_testing/shapes/main.go:66.64,70.3 3 1
github.com/aasdhajkshd/home_work_basic/hw06_testing/shapes/main.go:70.8,72.3 1 0
github.com/aasdhajkshd/home_work_basic/hw06_testing/shapes/main.go:75.62,77.31 2 1
github.com/aasdhajkshd/home_work_basic/hw06_testing/shapes/main.go:77.31,79.23 2 1
github.com/aasdhajkshd/home_work_basic/hw06_testing/shapes/main.go:79.23,81.4 1 0
github.com/aasdhajkshd/home_work_basic/hw06_testing/shapes/main.go:82.3,82.33 1 1
github.com/aasdhajkshd/home_work_basic/hw06_testing/shapes/main.go:82.33,84.4 1 1
github.com/aasdhajkshd/home_work_basic/hw06_testing/shapes/main.go:85.3,85.63 1 1
github.com/aasdhajkshd/home_work_basic/hw06_testing/shapes/main.go:85.63,90.4 4 1
github.com/aasdhajkshd/home_work_basic/hw06_testing/shapes/main.go:90.9,92.4 1 0
github.com/aasdhajkshd/home_work_basic/hw06_testing/shapes/main.go:93.8,99.3 2 1
